c:\users\geert\downloads\of_v0.9.8_vs_release\apps\myapps\fallingballsv2\obj\release\fallingball.obj
c:\users\geert\downloads\of_v0.9.8_vs_release\apps\myapps\fallingballsv2\obj\release\ofapp.obj
c:\users\geert\downloads\of_v0.9.8_vs_release\apps\myapps\fallingballsv2\obj\release\main.obj
c:\users\geert\downloads\of_v0.9.8_vs_release\apps\myapps\fallingballsv2\obj\release\fallingballcontainer.obj
c:\users\geert\downloads\of_v0.9.8_vs_release\apps\myapps\fallingballsv2\obj\release\vc140.pdb
c:\users\geert\downloads\of_v0.9.8_vs_release\apps\myapps\fallingballsv2\bin\fallingballsv2.lib
c:\users\geert\downloads\of_v0.9.8_vs_release\apps\myapps\fallingballsv2\bin\fallingballsv2.exp
c:\users\geert\downloads\of_v0.9.8_vs_release\apps\myapps\fallingballsv2\bin\fallingballsv2.exe
c:\users\geert\downloads\of_v0.9.8_vs_release\apps\myapps\fallingballsv2\obj\release\icon.res
c:\users\geert\downloads\of_v0.9.8_vs_release\apps\myapps\fallingballsv2\obj\release\fallingballsv2.vcxprojresolveassemblyreference.cache
c:\users\geert\downloads\of_v0.9.8_vs_release\apps\myapps\fallingballsv2\obj\release\fallingballsv2.tlog\cl.command.1.tlog
c:\users\geert\downloads\of_v0.9.8_vs_release\apps\myapps\fallingballsv2\obj\release\fallingballsv2.tlog\cl.read.1.tlog
c:\users\geert\downloads\of_v0.9.8_vs_release\apps\myapps\fallingballsv2\obj\release\fallingballsv2.tlog\cl.write.1.tlog
c:\users\geert\downloads\of_v0.9.8_vs_release\apps\myapps\fallingballsv2\obj\release\fallingballsv2.tlog\fallingballsv2.write.1u.tlog
c:\users\geert\downloads\of_v0.9.8_vs_release\apps\myapps\fallingballsv2\obj\release\fallingballsv2.tlog\link.command.1.tlog
c:\users\geert\downloads\of_v0.9.8_vs_release\apps\myapps\fallingballsv2\obj\release\fallingballsv2.tlog\link.read.1.tlog
c:\users\geert\downloads\of_v0.9.8_vs_release\apps\myapps\fallingballsv2\obj\release\fallingballsv2.tlog\link.write.1.tlog
c:\users\geert\downloads\of_v0.9.8_vs_release\apps\myapps\fallingballsv2\obj\release\fallingballsv2.tlog\rc.command.1.tlog
c:\users\geert\downloads\of_v0.9.8_vs_release\apps\myapps\fallingballsv2\obj\release\fallingballsv2.tlog\rc.read.1.tlog
c:\users\geert\downloads\of_v0.9.8_vs_release\apps\myapps\fallingballsv2\obj\release\fallingballsv2.tlog\rc.write.1.tlog
